2022/02/14 14:47:18 [notice] 1#1: using the "epoll" event method
2022/02/14 14:47:18 [notice] 1#1: nginx/1.21.6
2022/02/14 14:47:18 [notice] 1#1: built by gcc 10.2.1 20210110 (Debian 10.2.1-6) 
2022/02/14 14:47:18 [notice] 1#1: OS: Linux 5.10.47-linuxkit
2022/02/14 14:47:18 [notice] 1#1: getrlimit(RLIMIT_NOFILE): 1048576:1048576
2022/02/14 14:47:18 [notice] 1#1: start worker processes
2022/02/14 14:47:18 [notice] 1#1: start worker process 30
2022/02/14 14:47:18 [notice] 1#1: start worker process 31
2022/02/14 14:47:18 [notice] 1#1: start worker process 32
2022/02/14 14:47:18 [notice] 1#1: start worker process 33
2022/02/18 15:57:51 [notice] 31#31: signal 15 (SIGTERM) received, exiting
2022/02/18 15:57:51 [notice] 31#31: exiting
2022/02/18 15:57:51 [notice] 33#33: signal 15 (SIGTERM) received, exiting
2022/02/18 15:57:51 [notice] 33#33: exiting
2022/02/18 15:57:51 [notice] 1#1: signal 15 (SIGTERM) received, exiting
2022/02/21 09:11:43 [emerg] 1#1: host not found in upstream "lb" in /etc/nginx/conf.d/default.conf:16
2022/02/21 09:11:44 [emerg] 1#1: host not found in upstream "lb" in /etc/nginx/conf.d/default.conf:16
2022/02/21 09:11:45 [emerg] 1#1: host not found in upstream "lb" in /etc/nginx/conf.d/default.conf:16
2022/02/21 09:11:47 [emerg] 1#1: host not found in upstream "lb" in /etc/nginx/conf.d/default.conf:16
2022/02/21 09:11:49 [emerg] 1#1: host not found in upstream "lb" in /etc/nginx/conf.d/default.conf:16
2022/02/21 09:11:51 [emerg] 1#1: host not found in upstream "lb" in /etc/nginx/conf.d/default.conf:16
2022/02/21 09:11:54 [emerg] 1#1: host not found in upstream "lb" in /etc/nginx/conf.d/default.conf:16
2022/02/21 09:12:01 [emerg] 1#1: host not found in upstream "lb" in /etc/nginx/conf.d/default.conf:16
2022/02/21 09:12:14 [emerg] 1#1: host not found in upstream "lb" in /etc/nginx/conf.d/default.conf:16
2022/02/21 09:12:40 [emerg] 1#1: host not found in upstream "lb" in /etc/nginx/conf.d/default.conf:16
2022/02/21 09:13:32 [emerg] 1#1: host not found in upstream "lb" in /etc/nginx/conf.d/default.conf:16
2022/02/21 09:14:33 [emerg] 1#1: host not found in upstream "lb" in /etc/nginx/conf.d/default.conf:16
2022/02/21 09:15:33 [emerg] 1#1: host not found in upstream "lb" in /etc/nginx/conf.d/default.conf:16
2022/02/21 09:16:34 [emerg] 1#1: host not found in upstream "lb" in /etc/nginx/conf.d/default.conf:16
2022/02/21 09:17:34 [emerg] 1#1: host not found in upstream "lb" in /etc/nginx/conf.d/default.conf:16
2022/02/21 09:18:35 [emerg] 1#1: host not found in upstream "lb" in /etc/nginx/conf.d/default.conf:16
2022/02/21 09:19:35 [emerg] 1#1: host not found in upstream "lb" in /etc/nginx/conf.d/default.conf:16
2022/02/21 09:20:35 [emerg] 1#1: host not found in upstream "lb" in /etc/nginx/conf.d/default.conf:16
2022/02/21 09:21:36 [emerg] 1#1: host not found in upstream "lb" in /etc/nginx/conf.d/default.conf:16
2022/02/21 09:22:36 [emerg] 1#1: host not found in upstream "lb" in /etc/nginx/conf.d/default.conf:16
2022/02/21 09:23:37 [emerg] 1#1: host not found in upstream "lb" in /etc/nginx/conf.d/default.conf:16
2022/02/21 09:24:37 [emerg] 1#1: host not found in upstream "lb" in /etc/nginx/conf.d/default.conf:16
2022/02/21 09:25:37 [emerg] 1#1: host not found in upstream "lb" in /etc/nginx/conf.d/default.conf:16
2022/02/21 09:26:38 [emerg] 1#1: host not found in upstream "lb" in /etc/nginx/conf.d/default.conf:16
2022/02/21 09:27:38 [emerg] 1#1: host not found in upstream "lb" in /etc/nginx/conf.d/default.conf:16
2022/02/21 09:28:39 [emerg] 1#1: host not found in upstream "lb" in /etc/nginx/conf.d/default.conf:16
2022/02/21 09:29:39 [emerg] 1#1: host not found in upstream "lb" in /etc/nginx/conf.d/default.conf:16
2022/02/21 09:30:40 [emerg] 1#1: host not found in upstream "lb" in /etc/nginx/conf.d/default.conf:16
2022/02/21 09:31:40 [emerg] 1#1: host not found in upstream "lb" in /etc/nginx/conf.d/default.conf:16
2022/02/21 09:32:40 [emerg] 1#1: host not found in upstream "lb" in /etc/nginx/conf.d/default.conf:16
2022/02/21 09:33:41 [emerg] 1#1: host not found in upstream "lb" in /etc/nginx/conf.d/default.conf:16
2022/02/21 09:34:41 [emerg] 1#1: host not found in upstream "lb" in /etc/nginx/conf.d/default.conf:16
2022/02/21 09:35:42 [emerg] 1#1: host not found in upstream "lb" in /etc/nginx/conf.d/default.conf:16
2022/02/21 09:36:42 [emerg] 1#1: host not found in upstream "lb" in /etc/nginx/conf.d/default.conf:16
2022/02/21 09:37:42 [emerg] 1#1: host not found in upstream "lb" in /etc/nginx/conf.d/default.conf:16
2022/02/21 09:38:43 [emerg] 1#1: host not found in upstream "lb" in /etc/nginx/conf.d/default.conf:16
2022/02/21 09:39:43 [emerg] 1#1: host not found in upstream "lb" in /etc/nginx/conf.d/default.conf:16
2022/02/21 09:40:44 [emerg] 1#1: host not found in upstream "lb" in /etc/nginx/conf.d/default.conf:16
2022/02/21 09:41:44 [emerg] 1#1: host not found in upstream "lb" in /etc/nginx/conf.d/default.conf:16
2022/02/21 09:42:44 [emerg] 1#1: host not found in upstream "lb" in /etc/nginx/conf.d/default.conf:16
2022/02/21 09:43:45 [emerg] 1#1: host not found in upstream "lb" in /etc/nginx/conf.d/default.conf:16
2022/02/21 09:44:46 [emerg] 1#1: host not found in upstream "lb" in /etc/nginx/conf.d/default.conf:16
2022/02/21 09:45:46 [emerg] 1#1: host not found in upstream "lb" in /etc/nginx/conf.d/default.conf:16
2022/02/21 09:46:47 [emerg] 1#1: host not found in upstream "lb" in /etc/nginx/conf.d/default.conf:16
2022/02/21 09:47:47 [emerg] 1#1: host not found in upstream "lb" in /etc/nginx/conf.d/default.conf:16
2022/02/21 09:48:48 [emerg] 1#1: host not found in upstream "lb" in /etc/nginx/conf.d/default.conf:16
2022/02/21 09:49:48 [emerg] 1#1: host not found in upstream "lb" in /etc/nginx/conf.d/default.conf:16
2022/02/21 09:50:48 [emerg] 1#1: host not found in upstream "lb" in /etc/nginx/conf.d/default.conf:16
2022/02/21 09:51:49 [emerg] 1#1: host not found in upstream "lb" in /etc/nginx/conf.d/default.conf:16
2022/02/21 10:06:50 [emerg] 1#1: host not found in upstream "lb" in /etc/nginx/conf.d/default.conf:16
2022/02/21 10:07:51 [emerg] 1#1: host not found in upstream "lb" in /etc/nginx/conf.d/default.conf:16
2022/02/21 10:08:51 [emerg] 1#1: host not found in upstream "lb" in /etc/nginx/conf.d/default.conf:16
2022/02/21 10:09:52 [emerg] 1#1: host not found in upstream "lb" in /etc/nginx/conf.d/default.conf:16
2022/02/21 10:10:52 [emerg] 1#1: host not found in upstream "lb" in /etc/nginx/conf.d/default.conf:16
2022/02/21 10:11:53 [emerg] 1#1: host not found in upstream "lb" in /etc/nginx/conf.d/default.conf:16
2022/02/21 10:12:53 [emerg] 1#1: host not found in upstream "lb" in /etc/nginx/conf.d/default.conf:16
2022/02/21 10:13:54 [emerg] 1#1: host not found in upstream "lb" in /etc/nginx/conf.d/default.conf:16
2022/02/21 10:14:54 [emerg] 1#1: host not found in upstream "lb" in /etc/nginx/conf.d/default.conf:16
2022/02/21 10:15:57 [emerg] 1#1: host not found in upstream "lb" in /etc/nginx/conf.d/default.conf:16
2022/02/21 10:47:36 [emerg] 1#1: host not found in upstream "lb" in /etc/nginx/conf.d/default.conf:16
2022/02/21 10:48:37 [emerg] 1#1: host not found in upstream "lb" in /etc/nginx/conf.d/default.conf:16
2022/02/21 10:49:37 [emerg] 1#1: host not found in upstream "lb" in /etc/nginx/conf.d/default.conf:16
2022/02/21 10:50:38 [emerg] 1#1: host not found in upstream "lb" in /etc/nginx/conf.d/default.conf:16
2022/02/21 10:51:38 [emerg] 1#1: host not found in upstream "lb" in /etc/nginx/conf.d/default.conf:16
2022/02/21 10:52:39 [emerg] 1#1: host not found in upstream "lb" in /etc/nginx/conf.d/default.conf:16
2022/02/21 10:53:39 [emerg] 1#1: host not found in upstream "lb" in /etc/nginx/conf.d/default.conf:16
2022/02/21 10:54:40 [emerg] 1#1: host not found in upstream "lb" in /etc/nginx/conf.d/default.conf:16
2022/02/21 10:55:40 [emerg] 1#1: host not found in upstream "lb" in /etc/nginx/conf.d/default.conf:16
2022/02/21 10:56:41 [emerg] 1#1: host not found in upstream "lb" in /etc/nginx/conf.d/default.conf:16
2022/02/21 10:57:41 [emerg] 1#1: host not found in upstream "lb" in /etc/nginx/conf.d/default.conf:16
2022/02/21 10:58:41 [emerg] 1#1: host not found in upstream "lb" in /etc/nginx/conf.d/default.conf:16
2022/02/21 10:59:42 [emerg] 1#1: host not found in upstream "lb" in /etc/nginx/conf.d/default.conf:16
2022/02/21 11:00:42 [emerg] 1#1: host not found in upstream "lb" in /etc/nginx/conf.d/default.conf:16
2022/02/21 11:01:43 [emerg] 1#1: host not found in upstream "lb" in /etc/nginx/conf.d/default.conf:16
2022/02/21 11:02:43 [emerg] 1#1: host not found in upstream "lb" in /etc/nginx/conf.d/default.conf:16
2022/02/21 11:03:44 [emerg] 1#1: host not found in upstream "lb" in /etc/nginx/conf.d/default.conf:16
2022/02/21 11:04:44 [emerg] 1#1: host not found in upstream "lb" in /etc/nginx/conf.d/default.conf:16
2022/02/21 11:05:45 [emerg] 1#1: host not found in upstream "lb" in /etc/nginx/conf.d/default.conf:16
2022/02/21 11:06:45 [emerg] 1#1: host not found in upstream "lb" in /etc/nginx/conf.d/default.conf:16
2022/02/21 11:07:45 [emerg] 1#1: host not found in upstream "lb" in /etc/nginx/conf.d/default.conf:16
2022/02/21 11:08:46 [emerg] 1#1: host not found in upstream "lb" in /etc/nginx/conf.d/default.conf:16
2022/02/21 11:09:46 [emerg] 1#1: host not found in upstream "lb" in /etc/nginx/conf.d/default.conf:16
2022/02/21 11:10:47 [emerg] 1#1: host not found in upstream "lb" in /etc/nginx/conf.d/default.conf:16
2022/02/21 11:11:47 [emerg] 1#1: host not found in upstream "lb" in /etc/nginx/conf.d/default.conf:16
2022/02/21 11:12:48 [emerg] 1#1: host not found in upstream "lb" in /etc/nginx/conf.d/default.conf:16
2022/02/21 11:13:48 [emerg] 1#1: host not found in upstream "lb" in /etc/nginx/conf.d/default.conf:16
2022/02/21 11:14:48 [emerg] 1#1: host not found in upstream "lb" in /etc/nginx/conf.d/default.conf:16
2022/02/21 11:15:49 [emerg] 1#1: host not found in upstream "lb" in /etc/nginx/conf.d/default.conf:16
2022/02/21 11:16:49 [emerg] 1#1: host not found in upstream "lb" in /etc/nginx/conf.d/default.conf:16
2022/02/21 11:17:50 [emerg] 1#1: host not found in upstream "lb" in /etc/nginx/conf.d/default.conf:16
2022/02/21 11:18:50 [emerg] 1#1: host not found in upstream "lb" in /etc/nginx/conf.d/default.conf:16
2022/02/21 11:19:51 [emerg] 1#1: host not found in upstream "lb" in /etc/nginx/conf.d/default.conf:16
2022/02/21 11:20:51 [emerg] 1#1: host not found in upstream "lb" in /etc/nginx/conf.d/default.conf:16
2022/02/21 11:21:52 [emerg] 1#1: host not found in upstream "lb" in /etc/nginx/conf.d/default.conf:16
2022/02/21 11:22:52 [emerg] 1#1: host not found in upstream "lb" in /etc/nginx/conf.d/default.conf:16
2022/02/21 11:23:53 [emerg] 1#1: host not found in upstream "lb" in /etc/nginx/conf.d/default.conf:16
2022/02/21 11:24:53 [emerg] 1#1: host not found in upstream "lb" in /etc/nginx/conf.d/default.conf:16
2022/02/21 11:25:53 [emerg] 1#1: host not found in upstream "lb" in /etc/nginx/conf.d/default.conf:16
2022/02/21 11:26:54 [emerg] 1#1: host not found in upstream "lb" in /etc/nginx/conf.d/default.conf:16
2022/02/21 11:27:54 [emerg] 1#1: host not found in upstream "lb" in /etc/nginx/conf.d/default.conf:16
2022/02/21 11:28:55 [emerg] 1#1: host not found in upstream "lb" in /etc/nginx/conf.d/default.conf:16
2022/02/21 11:29:55 [emerg] 1#1: host not found in upstream "lb" in /etc/nginx/conf.d/default.conf:16
2022/02/21 11:30:57 [emerg] 1#1: host not found in upstream "lb" in /etc/nginx/conf.d/default.conf:16
2022/02/21 11:31:57 [emerg] 1#1: host not found in upstream "lb" in /etc/nginx/conf.d/default.conf:16
2022/02/21 11:32:58 [emerg] 1#1: host not found in upstream "lb" in /etc/nginx/conf.d/default.conf:16
2022/02/21 11:33:58 [emerg] 1#1: host not found in upstream "lb" in /etc/nginx/conf.d/default.conf:16
2022/02/21 11:34:59 [emerg] 1#1: host not found in upstream "lb" in /etc/nginx/conf.d/default.conf:16
2022/02/21 11:35:59 [emerg] 1#1: host not found in upstream "lb" in /etc/nginx/conf.d/default.conf:16
2022/02/21 11:37:00 [emerg] 1#1: host not found in upstream "lb" in /etc/nginx/conf.d/default.conf:16
2022/02/21 11:38:00 [emerg] 1#1: host not found in upstream "lb" in /etc/nginx/conf.d/default.conf:16
2022/02/21 11:39:00 [emerg] 1#1: host not found in upstream "lb" in /etc/nginx/conf.d/default.conf:16
2022/02/21 11:40:01 [emerg] 1#1: host not found in upstream "lb" in /etc/nginx/conf.d/default.conf:16
2022/02/21 11:41:01 [emerg] 1#1: host not found in upstream "lb" in /etc/nginx/conf.d/default.conf:16
2022/02/21 11:42:02 [emerg] 1#1: host not found in upstream "lb" in /etc/nginx/conf.d/default.conf:16
2022/02/21 11:43:02 [emerg] 1#1: host not found in upstream "lb" in /etc/nginx/conf.d/default.conf:16
2022/02/21 11:44:03 [emerg] 1#1: host not found in upstream "lb" in /etc/nginx/conf.d/default.conf:16
2022/02/21 11:45:03 [emerg] 1#1: host not found in upstream "lb" in /etc/nginx/conf.d/default.conf:16
2022/02/21 11:46:04 [emerg] 1#1: host not found in upstream "lb" in /etc/nginx/conf.d/default.conf:16
2022/02/21 11:47:04 [emerg] 1#1: host not found in upstream "lb" in /etc/nginx/conf.d/default.conf:16
2022/02/21 11:48:04 [emerg] 1#1: host not found in upstream "lb" in /etc/nginx/conf.d/default.conf:16
2022/02/21 11:49:05 [emerg] 1#1: host not found in upstream "lb" in /etc/nginx/conf.d/default.conf:16
2022/02/21 11:50:05 [emerg] 1#1: host not found in upstream "lb" in /etc/nginx/conf.d/default.conf:16
2022/02/21 11:51:06 [emerg] 1#1: host not found in upstream "lb" in /etc/nginx/conf.d/default.conf:16
2022/02/21 11:52:06 [emerg] 1#1: host not found in upstream "lb" in /etc/nginx/conf.d/default.conf:16
2022/02/21 11:53:07 [emerg] 1#1: host not found in upstream "lb" in /etc/nginx/conf.d/default.conf:16
2022/02/21 11:54:07 [emerg] 1#1: host not found in upstream "lb" in /etc/nginx/conf.d/default.conf:16
2022/02/21 11:55:08 [emerg] 1#1: host not found in upstream "lb" in /etc/nginx/conf.d/default.conf:16
2022/02/21 11:56:08 [emerg] 1#1: host not found in upstream "lb" in /etc/nginx/conf.d/default.conf:16
2022/02/21 11:57:08 [emerg] 1#1: host not found in upstream "lb" in /etc/nginx/conf.d/default.conf:16
2022/02/21 11:58:09 [emerg] 1#1: host not found in upstream "lb" in /etc/nginx/conf.d/default.conf:16
2022/02/21 11:59:09 [emerg] 1#1: host not found in upstream "lb" in /etc/nginx/conf.d/default.conf:16
2022/02/21 12:00:10 [emerg] 1#1: host not found in upstream "lb" in /etc/nginx/conf.d/default.conf:16
2022/02/21 12:01:10 [emerg] 1#1: host not found in upstream "lb" in /etc/nginx/conf.d/default.conf:16
2022/02/21 12:02:11 [emerg] 1#1: host not found in upstream "lb" in /etc/nginx/conf.d/default.conf:16
2022/02/21 12:03:11 [emerg] 1#1: host not found in upstream "lb" in /etc/nginx/conf.d/default.conf:16
2022/02/21 12:04:12 [emerg] 1#1: host not found in upstream "lb" in /etc/nginx/conf.d/default.conf:16
2022/02/21 12:05:12 [emerg] 1#1: host not found in upstream "lb" in /etc/nginx/conf.d/default.conf:16
2022/02/21 12:06:13 [emerg] 1#1: host not found in upstream "lb" in /etc/nginx/conf.d/default.conf:16
2022/02/21 12:07:13 [emerg] 1#1: host not found in upstream "lb" in /etc/nginx/conf.d/default.conf:16
2022/02/21 12:08:14 [emerg] 1#1: host not found in upstream "lb" in /etc/nginx/conf.d/default.conf:16
2022/02/21 12:09:14 [emerg] 1#1: host not found in upstream "lb" in /etc/nginx/conf.d/default.conf:16
2022/02/21 12:10:15 [emerg] 1#1: host not found in upstream "lb" in /etc/nginx/conf.d/default.conf:16
2022/02/21 12:11:15 [emerg] 1#1: host not found in upstream "lb" in /etc/nginx/conf.d/default.conf:16
2022/02/21 12:12:15 [emerg] 1#1: host not found in upstream "lb" in /etc/nginx/conf.d/default.conf:16
2022/02/21 12:13:16 [emerg] 1#1: host not found in upstream "lb" in /etc/nginx/conf.d/default.conf:16
2022/02/21 12:14:16 [emerg] 1#1: host not found in upstream "lb" in /etc/nginx/conf.d/default.conf:16
2022/02/21 12:27:04 [emerg] 1#1: host not found in upstream "lb" in /etc/nginx/conf.d/default.conf:16
2022/02/21 12:28:05 [emerg] 1#1: host not found in upstream "lb" in /etc/nginx/conf.d/default.conf:16
2022/02/21 12:29:05 [emerg] 1#1: host not found in upstream "lb" in /etc/nginx/conf.d/default.conf:16
2022/02/21 12:30:06 [emerg] 1#1: host not found in upstream "lb" in /etc/nginx/conf.d/default.conf:16
2022/02/21 12:31:06 [emerg] 1#1: host not found in upstream "lb" in /etc/nginx/conf.d/default.conf:16
2022/02/21 12:32:07 [emerg] 1#1: host not found in upstream "lb" in /etc/nginx/conf.d/default.conf:16
2022/02/21 12:33:07 [emerg] 1#1: host not found in upstream "lb" in /etc/nginx/conf.d/default.conf:16
2022/02/21 12:34:07 [emerg] 1#1: host not found in upstream "lb" in /etc/nginx/conf.d/default.conf:16
2022/02/21 12:35:08 [emerg] 1#1: host not found in upstream "lb" in /etc/nginx/conf.d/default.conf:16
2022/02/21 12:36:08 [emerg] 1#1: host not found in upstream "lb" in /etc/nginx/conf.d/default.conf:16
2022/02/21 12:37:09 [emerg] 1#1: host not found in upstream "lb" in /etc/nginx/conf.d/default.conf:16
2022/02/21 12:38:09 [emerg] 1#1: host not found in upstream "lb" in /etc/nginx/conf.d/default.conf:16
2022/02/21 12:39:10 [emerg] 1#1: host not found in upstream "lb" in /etc/nginx/conf.d/default.conf:16
2022/02/21 12:40:10 [emerg] 1#1: host not found in upstream "lb" in /etc/nginx/conf.d/default.conf:16
2022/02/21 12:41:10 [emerg] 1#1: host not found in upstream "lb" in /etc/nginx/conf.d/default.conf:16
2022/02/21 12:42:11 [emerg] 1#1: host not found in upstream "lb" in /etc/nginx/conf.d/default.conf:16
2022/02/21 12:43:11 [emerg] 1#1: host not found in upstream "lb" in /etc/nginx/conf.d/default.conf:16
2022/02/21 12:44:12 [emerg] 1#1: host not found in upstream "lb" in /etc/nginx/conf.d/default.conf:16
2022/02/21 12:45:12 [emerg] 1#1: host not found in upstream "lb" in /etc/nginx/conf.d/default.conf:16
2022/02/21 12:46:13 [emerg] 1#1: host not found in upstream "lb" in /etc/nginx/conf.d/default.conf:16
2022/02/21 12:47:13 [emerg] 1#1: host not found in upstream "lb" in /etc/nginx/conf.d/default.conf:16
2022/02/21 12:48:14 [emerg] 1#1: host not found in upstream "lb" in /etc/nginx/conf.d/default.conf:16
2022/02/21 12:49:14 [emerg] 1#1: host not found in upstream "lb" in /etc/nginx/conf.d/default.conf:16
2022/02/21 12:50:14 [emerg] 1#1: host not found in upstream "lb" in /etc/nginx/conf.d/default.conf:16
2022/02/21 12:51:15 [emerg] 1#1: host not found in upstream "lb" in /etc/nginx/conf.d/default.conf:16
2022/02/21 12:52:15 [emerg] 1#1: host not found in upstream "lb" in /etc/nginx/conf.d/default.conf:16
2022/02/21 12:53:16 [emerg] 1#1: host not found in upstream "lb" in /etc/nginx/conf.d/default.conf:16
2022/02/21 12:54:16 [emerg] 1#1: host not found in upstream "lb" in /etc/nginx/conf.d/default.conf:16
2022/02/21 12:55:17 [emerg] 1#1: host not found in upstream "lb" in /etc/nginx/conf.d/default.conf:16
2022/02/21 12:56:17 [emerg] 1#1: host not found in upstream "lb" in /etc/nginx/conf.d/default.conf:16
2022/02/21 12:57:17 [emerg] 1#1: host not found in upstream "lb" in /etc/nginx/conf.d/default.conf:16
2022/02/21 12:58:18 [emerg] 1#1: host not found in upstream "lb" in /etc/nginx/conf.d/default.conf:16
2022/02/21 12:59:18 [emerg] 1#1: host not found in upstream "lb" in /etc/nginx/conf.d/default.conf:16
2022/02/21 13:00:19 [emerg] 1#1: host not found in upstream "lb" in /etc/nginx/conf.d/default.conf:16
2022/02/21 13:01:19 [emerg] 1#1: host not found in upstream "lb" in /etc/nginx/conf.d/default.conf:16
2022/02/21 13:02:19 [emerg] 1#1: host not found in upstream "lb" in /etc/nginx/conf.d/default.conf:16
2022/02/21 13:03:20 [emerg] 1#1: host not found in upstream "lb" in /etc/nginx/conf.d/default.conf:16
2022/02/21 13:04:20 [emerg] 1#1: host not found in upstream "lb" in /etc/nginx/conf.d/default.conf:16
2022/02/21 13:22:41 [emerg] 1#1: host not found in upstream "lb" in /etc/nginx/conf.d/default.conf:16
2022/02/21 13:23:41 [emerg] 1#1: host not found in upstream "lb" in /etc/nginx/conf.d/default.conf:16
2022/02/21 13:24:42 [emerg] 1#1: host not found in upstream "lb" in /etc/nginx/conf.d/default.conf:16
2022/02/21 13:25:42 [emerg] 1#1: host not found in upstream "lb" in /etc/nginx/conf.d/default.conf:16
2022/02/21 13:26:42 [emerg] 1#1: host not found in upstream "lb" in /etc/nginx/conf.d/default.conf:16
2022/02/21 13:27:43 [emerg] 1#1: host not found in upstream "lb" in /etc/nginx/conf.d/default.conf:16
2022/02/21 13:28:43 [emerg] 1#1: host not found in upstream "lb" in /etc/nginx/conf.d/default.conf:16
2022/02/21 13:29:44 [emerg] 1#1: host not found in upstream "lb" in /etc/nginx/conf.d/default.conf:16
2022/02/21 13:30:44 [emerg] 1#1: host not found in upstream "lb" in /etc/nginx/conf.d/default.conf:16
2022/02/21 13:31:45 [emerg] 1#1: host not found in upstream "lb" in /etc/nginx/conf.d/default.conf:16
2022/02/21 13:32:45 [emerg] 1#1: host not found in upstream "lb" in /etc/nginx/conf.d/default.conf:16
2022/02/21 13:33:45 [emerg] 1#1: host not found in upstream "lb" in /etc/nginx/conf.d/default.conf:16
2022/02/21 13:34:46 [emerg] 1#1: host not found in upstream "lb" in /etc/nginx/conf.d/default.conf:16
2022/02/21 13:35:46 [emerg] 1#1: host not found in upstream "lb" in /etc/nginx/conf.d/default.conf:16
2022/02/21 13:36:47 [emerg] 1#1: host not found in upstream "lb" in /etc/nginx/conf.d/default.conf:16
2022/02/21 14:07:43 [emerg] 1#1: host not found in upstream "lb" in /etc/nginx/conf.d/default.conf:16
2022/02/21 14:11:13 [emerg] 1#1: host not found in upstream "lb" in /etc/nginx/conf.d/default.conf:16
2022/02/21 14:12:13 [emerg] 1#1: host not found in upstream "lb" in /etc/nginx/conf.d/default.conf:16
2022/02/21 14:13:14 [emerg] 1#1: host not found in upstream "lb" in /etc/nginx/conf.d/default.conf:16
2022/02/21 14:14:14 [emerg] 1#1: host not found in upstream "lb" in /etc/nginx/conf.d/default.conf:16
2022/02/21 14:15:14 [emerg] 1#1: host not found in upstream "lb" in /etc/nginx/conf.d/default.conf:16
2022/02/21 14:16:15 [emerg] 1#1: host not found in upstream "lb" in /etc/nginx/conf.d/default.conf:16
2022/02/21 14:17:15 [emerg] 1#1: host not found in upstream "lb" in /etc/nginx/conf.d/default.conf:16
2022/02/21 14:18:16 [emerg] 1#1: host not found in upstream "lb" in /etc/nginx/conf.d/default.conf:16
2022/02/21 14:19:16 [emerg] 1#1: host not found in upstream "lb" in /etc/nginx/conf.d/default.conf:16
2022/02/21 14:20:16 [emerg] 1#1: host not found in upstream "lb" in /etc/nginx/conf.d/default.conf:16
2022/02/21 14:21:17 [emerg] 1#1: host not found in upstream "lb" in /etc/nginx/conf.d/default.conf:16
2022/02/21 14:22:17 [emerg] 1#1: host not found in upstream "lb" in /etc/nginx/conf.d/default.conf:16
2022/02/21 14:23:18 [emerg] 1#1: host not found in upstream "lb" in /etc/nginx/conf.d/default.conf:16
2022/02/21 14:24:18 [emerg] 1#1: host not found in upstream "lb" in /etc/nginx/conf.d/default.conf:16
2022/02/21 14:25:19 [emerg] 1#1: host not found in upstream "lb" in /etc/nginx/conf.d/default.conf:16
2022/02/21 14:26:19 [emerg] 1#1: host not found in upstream "lb" in /etc/nginx/conf.d/default.conf:16
2022/02/21 14:27:19 [emerg] 1#1: host not found in upstream "lb" in /etc/nginx/conf.d/default.conf:16
2022/02/21 14:28:20 [emerg] 1#1: host not found in upstream "lb" in /etc/nginx/conf.d/default.conf:16
2022/02/21 14:29:20 [emerg] 1#1: host not found in upstream "lb" in /etc/nginx/conf.d/default.conf:16
2022/02/21 14:30:21 [emerg] 1#1: host not found in upstream "lb" in /etc/nginx/conf.d/default.conf:16
2022/02/21 14:31:21 [emerg] 1#1: host not found in upstream "lb" in /etc/nginx/conf.d/default.conf:16
2022/02/21 14:32:22 [emerg] 1#1: host not found in upstream "lb" in /etc/nginx/conf.d/default.conf:16
2022/02/21 14:33:22 [emerg] 1#1: host not found in upstream "lb" in /etc/nginx/conf.d/default.conf:16
2022/02/21 14:34:22 [emerg] 1#1: host not found in upstream "lb" in /etc/nginx/conf.d/default.conf:16
2022/02/21 14:35:23 [emerg] 1#1: host not found in upstream "lb" in /etc/nginx/conf.d/default.conf:16
2022/02/21 14:36:23 [emerg] 1#1: host not found in upstream "lb" in /etc/nginx/conf.d/default.conf:16
2022/02/21 14:37:24 [emerg] 1#1: host not found in upstream "lb" in /etc/nginx/conf.d/default.conf:16
2022/02/21 14:38:24 [emerg] 1#1: host not found in upstream "lb" in /etc/nginx/conf.d/default.conf:16
2022/02/21 14:39:24 [emerg] 1#1: host not found in upstream "lb" in /etc/nginx/conf.d/default.conf:16
2022/02/21 14:40:25 [emerg] 1#1: host not found in upstream "lb" in /etc/nginx/conf.d/default.conf:16
2022/02/21 14:41:25 [emerg] 1#1: host not found in upstream "lb" in /etc/nginx/conf.d/default.conf:16
2022/02/21 14:42:26 [emerg] 1#1: host not found in upstream "lb" in /etc/nginx/conf.d/default.conf:16
2022/02/21 14:43:26 [emerg] 1#1: host not found in upstream "lb" in /etc/nginx/conf.d/default.conf:16
2022/02/21 14:44:27 [emerg] 1#1: host not found in upstream "lb" in /etc/nginx/conf.d/default.conf:16
2022/02/21 14:45:27 [emerg] 1#1: host not found in upstream "lb" in /etc/nginx/conf.d/default.conf:16
2022/02/21 14:46:27 [emerg] 1#1: host not found in upstream "lb" in /etc/nginx/conf.d/default.conf:16
2022/02/21 14:47:28 [emerg] 1#1: host not found in upstream "lb" in /etc/nginx/conf.d/default.conf:16
2022/02/21 14:48:28 [emerg] 1#1: host not found in upstream "lb" in /etc/nginx/conf.d/default.conf:16
2022/02/21 14:49:29 [emerg] 1#1: host not found in upstream "lb" in /etc/nginx/conf.d/default.conf:16
2022/02/21 14:50:29 [emerg] 1#1: host not found in upstream "lb" in /etc/nginx/conf.d/default.conf:16
2022/02/21 14:51:30 [emerg] 1#1: host not found in upstream "lb" in /etc/nginx/conf.d/default.conf:16
2022/02/21 14:52:30 [emerg] 1#1: host not found in upstream "lb" in /etc/nginx/conf.d/default.conf:16
2022/02/21 14:53:31 [emerg] 1#1: host not found in upstream "lb" in /etc/nginx/conf.d/default.conf:16
2022/02/21 14:54:31 [emerg] 1#1: host not found in upstream "lb" in /etc/nginx/conf.d/default.conf:16
2022/02/21 14:55:31 [emerg] 1#1: host not found in upstream "lb" in /etc/nginx/conf.d/default.conf:16
2022/02/21 14:56:32 [emerg] 1#1: host not found in upstream "lb" in /etc/nginx/conf.d/default.conf:16
2022/02/21 14:57:32 [emerg] 1#1: host not found in upstream "lb" in /etc/nginx/conf.d/default.conf:16
2022/02/21 14:58:33 [emerg] 1#1: host not found in upstream "lb" in /etc/nginx/conf.d/default.conf:16
2022/02/21 14:59:33 [emerg] 1#1: host not found in upstream "lb" in /etc/nginx/conf.d/default.conf:16
2022/02/21 15:00:34 [emerg] 1#1: host not found in upstream "lb" in /etc/nginx/conf.d/default.conf:16
2022/02/21 15:01:34 [emerg] 1#1: host not found in upstream "lb" in /etc/nginx/conf.d/default.conf:16
2022/02/21 15:02:35 [emerg] 1#1: host not found in upstream "lb" in /etc/nginx/conf.d/default.conf:16
2022/02/21 15:03:35 [emerg] 1#1: host not found in upstream "lb" in /etc/nginx/conf.d/default.conf:16
2022/02/21 15:04:35 [emerg] 1#1: host not found in upstream "lb" in /etc/nginx/conf.d/default.conf:16
2022/02/21 15:05:36 [emerg] 1#1: host not found in upstream "lb" in /etc/nginx/conf.d/default.conf:16
2022/02/21 15:06:36 [emerg] 1#1: host not found in upstream "lb" in /etc/nginx/conf.d/default.conf:16
2022/02/21 15:07:37 [emerg] 1#1: host not found in upstream "lb" in /etc/nginx/conf.d/default.conf:16
2022/02/21 15:08:37 [emerg] 1#1: host not found in upstream "lb" in /etc/nginx/conf.d/default.conf:16
2022/02/21 15:09:37 [emerg] 1#1: host not found in upstream "lb" in /etc/nginx/conf.d/default.conf:16
2022/02/21 15:10:38 [emerg] 1#1: host not found in upstream "lb" in /etc/nginx/conf.d/default.conf:16
2022/02/21 15:11:38 [emerg] 1#1: host not found in upstream "lb" in /etc/nginx/conf.d/default.conf:16
2022/02/21 15:12:39 [emerg] 1#1: host not found in upstream "lb" in /etc/nginx/conf.d/default.conf:16
2022/02/21 15:13:39 [emerg] 1#1: host not found in upstream "lb" in /etc/nginx/conf.d/default.conf:16
2022/02/21 15:14:40 [emerg] 1#1: host not found in upstream "lb" in /etc/nginx/conf.d/default.conf:16
2022/02/21 15:15:40 [emerg] 1#1: host not found in upstream "lb" in /etc/nginx/conf.d/default.conf:16
2022/02/21 15:16:40 [emerg] 1#1: host not found in upstream "lb" in /etc/nginx/conf.d/default.conf:16
2022/02/21 15:17:41 [emerg] 1#1: host not found in upstream "lb" in /etc/nginx/conf.d/default.conf:16
2022/02/21 15:18:41 [emerg] 1#1: host not found in upstream "lb" in /etc/nginx/conf.d/default.conf:16
2022/02/21 15:19:42 [emerg] 1#1: host not found in upstream "lb" in /etc/nginx/conf.d/default.conf:16
2022/02/21 15:20:42 [emerg] 1#1: host not found in upstream "lb" in /etc/nginx/conf.d/default.conf:16
2022/02/21 15:21:42 [emerg] 1#1: host not found in upstream "lb" in /etc/nginx/conf.d/default.conf:16
2022/02/21 15:22:43 [emerg] 1#1: host not found in upstream "lb" in /etc/nginx/conf.d/default.conf:16
2022/02/21 15:23:43 [emerg] 1#1: host not found in upstream "lb" in /etc/nginx/conf.d/default.conf:16
2022/02/21 15:24:44 [emerg] 1#1: host not found in upstream "lb" in /etc/nginx/conf.d/default.conf:16
2022/02/21 15:25:44 [emerg] 1#1: host not found in upstream "lb" in /etc/nginx/conf.d/default.conf:16
2022/02/21 15:26:45 [emerg] 1#1: host not found in upstream "lb" in /etc/nginx/conf.d/default.conf:16
2022/02/21 15:27:45 [emerg] 1#1: host not found in upstream "lb" in /etc/nginx/conf.d/default.conf:16
2022/02/21 15:28:46 [emerg] 1#1: host not found in upstream "lb" in /etc/nginx/conf.d/default.conf:16
2022/02/21 15:32:40 [emerg] 1#1: host not found in upstream "lb" in /etc/nginx/conf.d/default.conf:16
2022/02/21 15:33:40 [emerg] 1#1: host not found in upstream "lb" in /etc/nginx/conf.d/default.conf:16
2022/02/21 15:34:41 [emerg] 1#1: host not found in upstream "lb" in /etc/nginx/conf.d/default.conf:16
2022/02/21 15:35:41 [emerg] 1#1: host not found in upstream "lb" in /etc/nginx/conf.d/default.conf:16
2022/02/21 15:36:41 [emerg] 1#1: host not found in upstream "lb" in /etc/nginx/conf.d/default.conf:16
